<?xml version="1.0" encoding="UTF-8"?>
<beans xmlns="http://www.springframework.org/schema/beans"
	xmlns:xsi="http://www.w3.org/2001/XMLSchema-instance"
	xmlns:task="http://www.springframework.org/schema/task"
	xmlns:context="http://www.springframework.org/schema/context"
	xsi:schemaLocation="http://www.springframework.org/schema/task http://www.springframework.org/schema/task/spring-task.xsd
		http://www.springframework.org/schema/beans http://www.springframework.org/schema/beans/spring-beans.xsd
		http://www.springframework.org/schema/context http://www.springframework.org/schema/context/spring-context-3.1.xsd">

	<context:spring-configured/>
	
	<bean name="reportPartGenerator" class="org.bk.sisample.processors.DummyReportPartGenerator"></bean>

	<bean name="executors" class="java.util.concurrent.Executors" factory-method="newFixedThreadPool">
		<constructor-arg value="10"></constructor-arg>
	</bean>
	
    <bean name="taskExecutorBasedReportGenerator" class="org.bk.sisample.taskexecutor.TaskExecutorsBasedReportGenerator"/>
    
    <bean name="reportPartRequestCallable" class="org.bk.sisample.taskexecutor.ReportPartRequestCallable" scope="prototype">
    	<property name="reportPartGenerator" ref="reportPartGenerator"></property>
    </bean>
    
</beans>
