<?xml version="1.0" encoding="UTF-8"?>
<beans xmlns="http://www.springframework.org/schema/beans"
	xmlns:xsi="http://www.w3.org/2001/XMLSchema-instance"
	xsi:schemaLocation="http://www.springframework.org/schema/beans http://www.springframework.org/schema/beans/spring-beans.xsd">

	<bean name="reportPartGenerator" class="org.bk.sisample.processors.DummyReportPartGenerator"></bean>
	<bean name="rawThreadBasedReportGenerator" class="org.bk.sisample.executors.ExecutorsBasedReportGenerator">
		<property name="reportPartGenerator" ref="reportPartGenerator"/>
	</bean>

</beans>
